  Building Custom Rule C:/Users/Desmart/Documents/my games/projects/cxx-arithmetic-parser/CMakeLists.txt
  Operation.cpp
C:\Users\Desmart\Documents\my games\projects\cxx-arithmetic-parser\source\SimpleExpr\Operation.cpp(38,28): error C2146: синтаксическая ошибка: отсутствие ")" перед идентификатором "or"
C:\Users\Desmart\Documents\my games\projects\cxx-arithmetic-parser\source\SimpleExpr\Operation.cpp(38,28): error C2065: or: необъявленный идентификатор
C:\Users\Desmart\Documents\my games\projects\cxx-arithmetic-parser\source\SimpleExpr\Operation.cpp(38,31): error C2146: синтаксическая ошибка: отсутствие ";" перед идентификатором "_right_up"
C:\Users\Desmart\Documents\my games\projects\cxx-arithmetic-parser\source\SimpleExpr\Operation.cpp(38,51): error C2059: синтаксическая ошибка: )
C:\Users\Desmart\Documents\my games\projects\cxx-arithmetic-parser\source\SimpleExpr\Operation.cpp(39,35): error C2059: синтаксическая ошибка: ;
C:\Users\Desmart\Documents\my games\projects\cxx-arithmetic-parser\source\SimpleExpr\Operation.cpp(41,1): error C2059: синтаксическая ошибка: }
C:\Users\Desmart\Documents\my games\projects\cxx-arithmetic-parser\source\SimpleExpr\Operation.cpp(41,1): error C2143: синтаксическая ошибка: отсутствие ";" перед "}"
C:\Users\Desmart\Documents\my games\projects\cxx-arithmetic-parser\source\SimpleExpr\Operation.cpp(43,25): error C2143: синтаксическая ошибка: отсутствие ";" перед "{"
C:\Users\Desmart\Documents\my games\projects\cxx-arithmetic-parser\source\SimpleExpr\Operation.cpp(43,25): error C2447: {: отсутствует заголовок функции (возможно, используется формальный список старого типа)
C:\Users\Desmart\Documents\my games\projects\cxx-arithmetic-parser\source\SimpleExpr\Operation.cpp(52,28): error C2146: синтаксическая ошибка: отсутствие ")" перед идентификатором "or"
C:\Users\Desmart\Documents\my games\projects\cxx-arithmetic-parser\source\SimpleExpr\Operation.cpp(52,28): error C2065: or: необъявленный идентификатор
C:\Users\Desmart\Documents\my games\projects\cxx-arithmetic-parser\source\SimpleExpr\Operation.cpp(52,31): error C2146: синтаксическая ошибка: отсутствие ";" перед идентификатором "_right_up"
C:\Users\Desmart\Documents\my games\projects\cxx-arithmetic-parser\source\SimpleExpr\Operation.cpp(52,51): error C2059: синтаксическая ошибка: )
C:\Users\Desmart\Documents\my games\projects\cxx-arithmetic-parser\source\SimpleExpr\Operation.cpp(53,53): error C2059: синтаксическая ошибка: ;
C:\Users\Desmart\Documents\my games\projects\cxx-arithmetic-parser\source\SimpleExpr\Operation.cpp(56,50): error C2065: _operation: необъявленный идентификатор
C:\Users\Desmart\Documents\my games\projects\cxx-arithmetic-parser\source\SimpleExpr\Operation.cpp(57,5): error C2059: синтаксическая ошибка: return
C:\Users\Desmart\Documents\my games\projects\cxx-arithmetic-parser\source\SimpleExpr\Operation.cpp(58,1): error C2059: синтаксическая ошибка: }
C:\Users\Desmart\Documents\my games\projects\cxx-arithmetic-parser\source\SimpleExpr\Operation.cpp(58,1): error C2143: синтаксическая ошибка: отсутствие ";" перед "}"
C:\Users\Desmart\Documents\my games\projects\cxx-arithmetic-parser\source\SimpleExpr\Operation.cpp(60,43): error C2143: синтаксическая ошибка: отсутствие ";" перед "{"
C:\Users\Desmart\Documents\my games\projects\cxx-arithmetic-parser\source\SimpleExpr\Operation.cpp(60,43): error C2447: {: отсутствует заголовок функции (возможно, используется формальный список старого типа)
